Using pre-set license
Built from '2020.3/staging' branch; Version is '2020.3.30f1 (1fb1bf06830e) revision 2077119'; Using compiler version '192528614'; Build Type 'Release'
OS: 'Windows 10  (10.0.19044) 64bit Core' Language: 'en' Physical Memory: 14188 MB
BatchMode: 1, IsHumanControllingUs: 0, StartBugReporterOnCrash: 0, Is64bit: 1, IsPro: 0

COMMAND LINE ARGUMENTS:
C:\Program Files\Unity\Hub\Editor\2020.3.30f1\Editor\Unity.exe
-adb2
-batchMode
-noUpm
-name
AssetImportWorker0
-projectPath
D:/Unity Git/Subway-Surfer/Subway Surfer
-logFile
Logs/AssetImportWorker0.log
-srvPort
57329
Successfully changed project path to: D:/Unity Git/Subway-Surfer/Subway Surfer
D:/Unity Git/Subway-Surfer/Subway Surfer
Using Asset Import Pipeline V2.
Refreshing native plugins compatible for Editor in 35.56 ms, found 2 plugins.
Preloading 0 native plugins for Editor in 0.00 ms.
Initialize engine version: 2020.3.30f1 (1fb1bf06830e)
[Subsystems] Discovering subsystems at path C:/Program Files/Unity/Hub/Editor/2020.3.30f1/Editor/Data/Resources/UnitySubsystems
[Subsystems] Discovering subsystems at path D:/Unity Git/Subway-Surfer/Subway Surfer/Assets
GfxDevice: creating device client; threaded=0
Direct3D:
    Version:  Direct3D 11.0 [level 11.1]
    Renderer: NVIDIA GeForce RTX 3050 Ti Laptop GPU (ID=0x25e0)
    Vendor:   
    VRAM:     3990 MB
    Driver:   30.0.14.9709
Initialize mono
Mono path[0] = 'C:/Program Files/Unity/Hub/Editor/2020.3.30f1/Editor/Data/Managed'
Mono path[1] = 'C:/Program Files/Unity/Hub/Editor/2020.3.30f1/Editor/Data/MonoBleedingEdge/lib/mono/unityjit'
Mono config path = 'C:/Program Files/Unity/Hub/Editor/2020.3.30f1/Editor/Data/MonoBleedingEdge/etc'
Using monoOptions --debugger-agent=transport=dt_socket,embedding=1,server=y,suspend=n,address=127.0.0.1:56084
Begin MonoManager ReloadAssembly
Registering precompiled unity dll's ...
Register platform support module: C:/Program Files/Unity/Hub/Editor/2020.3.30f1/Editor/Data/PlaybackEngines/WindowsStandaloneSupport/UnityEditor.WindowsStandalone.Extensions.dll
Registered in 0.001717 seconds.
Native extension for WindowsStandalone target not found
Refreshing native plugins compatible for Editor in 35.86 ms, found 2 plugins.
Preloading 0 native plugins for Editor in 0.00 ms.
Mono: successfully reloaded assembly
- Completed reload, in  0.422 seconds
Domain Reload Profiling:
	ReloadAssembly (422ms)
		BeginReloadAssembly (50ms)
			ExecutionOrderSort (0ms)
			DisableScriptedObjects (0ms)
			BackupInstance (0ms)
			ReleaseScriptingObjects (0ms)
			CreateAndSetChildDomain (1ms)
		EndReloadAssembly (320ms)
			LoadAssemblies (49ms)
			RebuildTransferFunctionScriptingTraits (0ms)
			SetupTypeCache (94ms)
			ReleaseScriptCaches (0ms)
			RebuildScriptCaches (19ms)
			SetupLoadedEditorAssemblies (130ms)
				LogAssemblyErrors (0ms)
				InitializePlatformSupportModulesInManaged (3ms)
				SetLoadedEditorAssemblies (0ms)
				RefreshPlugins (36ms)
				BeforeProcessingInitializeOnLoad (12ms)
				ProcessInitializeOnLoadAttributes (59ms)
				ProcessInitializeOnLoadMethodAttributes (20ms)
				AfterProcessingInitializeOnLoad (0ms)
				EditorAssembliesLoaded (0ms)
			ExecutionOrderSort2 (0ms)
			AwakeInstancesAfterBackupRestoration (0ms)
Platform modules already initialized, skipping
Registering precompiled user dll's ...
Registered in 0.001888 seconds.
Begin MonoManager ReloadAssembly
Native extension for WindowsStandalone target not found
Refreshing native plugins compatible for Editor in 38.36 ms, found 2 plugins.
Preloading 0 native plugins for Editor in 0.00 ms.
Mono: successfully reloaded assembly
- Completed reload, in  0.782 seconds
Domain Reload Profiling:
	ReloadAssembly (783ms)
		BeginReloadAssembly (107ms)
			ExecutionOrderSort (0ms)
			DisableScriptedObjects (3ms)
			BackupInstance (0ms)
			ReleaseScriptingObjects (0ms)
			CreateAndSetChildDomain (15ms)
		EndReloadAssembly (632ms)
			LoadAssemblies (74ms)
			RebuildTransferFunctionScriptingTraits (0ms)
			SetupTypeCache (197ms)
			ReleaseScriptCaches (0ms)
			RebuildScriptCaches (31ms)
			SetupLoadedEditorAssemblies (258ms)
				LogAssemblyErrors (0ms)
				InitializePlatformSupportModulesInManaged (3ms)
				SetLoadedEditorAssemblies (0ms)
				RefreshPlugins (38ms)
				BeforeProcessingInitializeOnLoad (64ms)
				ProcessInitializeOnLoadAttributes (138ms)
				ProcessInitializeOnLoadMethodAttributes (7ms)
				AfterProcessingInitializeOnLoad (7ms)
				EditorAssembliesLoaded (0ms)
			ExecutionOrderSort2 (0ms)
			AwakeInstancesAfterBackupRestoration (5ms)
Platform modules already initialized, skipping
========================================================================
Worker process is ready to serve import requests
Launched and connected shader compiler UnityShaderCompiler.exe after 0.04 seconds
Refreshing native plugins compatible for Editor in 0.51 ms, found 2 plugins.
Preloading 0 native plugins for Editor in 0.00 ms.
Unloading 2817 Unused Serialized files (Serialized files now loaded: 0)
System memory in use before: 126.6 MB.
System memory in use after: 126.8 MB.

Unloading 17 unused Assets to reduce memory usage. Loaded Objects now: 3253.
Total: 2.712000 ms (FindLiveObjects: 0.196200 ms CreateObjectMapping: 0.074600 ms MarkObjects: 2.376700 ms  DeleteObjects: 0.063900 ms)

AssetImportParameters requested are different than current active one (requested -> active):
  custom:framework-win-MediaFoundation: 216162199b28c13a410421893ffa2e32 -> 
  custom:video-decoder-ogg-theora: a1e56fd34408186e4bbccfd4996cb3dc -> 
  custom:container-muxer-webm: aa71ff27fc2769a1b78a27578f13a17b -> 
  custom:container-demuxer-webm: 4f35f7cbe854078d1ac9338744f61a02 -> 
  custom:container-demuxer-ogg: 62fdf1f143b41e24485cea50d1cbac27 -> 
  custom:video-encoder-webm-vp8: eb34c28f22e8b96e1ab97ce403110664 -> 
  custom:video-codec-MediaFoundation-h265: 746d11721c4dcdbdad8f713fa42b33f4 -> 
  custom:video-decoder-webm-vp8: 9c59270c3fd7afecdb556c50c9e8de78 -> 
  custom:audio-decoder-ogg-vorbis: bf7c407c2cedff20999df2af8eb42d56 -> 
  custom:audio-encoder-webm-vorbis: bf7c407c2cedff20999df2af8eb42d56 -> 
========================================================================
Received Import Request.
  path: Assets/Animation/Warrior Idle.fbx
  artifactKey: Guid(46b939faf3bd59147b22879db4e444b2) Importer(815301076,1909f56bfc062723c751e8b465ee728b)
Start importing Assets/Animation/Warrior Idle.fbx using Guid(46b939faf3bd59147b22879db4e444b2) Importer(815301076,1909f56bfc062723c751e8b465ee728b)  -> (artifact id: '15d472aa15299a927baea80943065515') in 0.086268 seconds 
========================================================================
Received Import Request.
  Time since last request: 0.000136 seconds.
  path: Assets/Animation
  artifactKey: Guid(2148b153daf1bbb4fbfb861fcbbb1690) Importer(815301076,1909f56bfc062723c751e8b465ee728b)
Start importing Assets/Animation using Guid(2148b153daf1bbb4fbfb861fcbbb1690) Importer(815301076,1909f56bfc062723c751e8b465ee728b)  -> (artifact id: '3f6e1cf034aab50687b2beaed3805f07') in 0.004301 seconds 
========================================================================
Received Import Request.
  Time since last request: 0.000115 seconds.
  path: Assets/Animation/Fast Run.fbx
  artifactKey: Guid(84a45125dae46bb47aa800248d3dfea0) Importer(815301076,1909f56bfc062723c751e8b465ee728b)
Start importing Assets/Animation/Fast Run.fbx using Guid(84a45125dae46bb47aa800248d3dfea0) Importer(815301076,1909f56bfc062723c751e8b465ee728b)  -> (artifact id: 'ff4e84d39d31eb013692d1336c83a506') in 0.018389 seconds 
========================================================================
Received Import Request.
  Time since last request: 0.000136 seconds.
  path: Assets/Animation/Jump.fbx
  artifactKey: Guid(ee57c7982ad88b447812518ad01bb259) Importer(815301076,1909f56bfc062723c751e8b465ee728b)
Start importing Assets/Animation/Jump.fbx using Guid(ee57c7982ad88b447812518ad01bb259) Importer(815301076,1909f56bfc062723c751e8b465ee728b)  -> (artifact id: '79f98371b49471eab78ce4cb7f25d37d') in 0.007322 seconds 
========================================================================
Received Import Request.
  Time since last request: 2.324081 seconds.
  path: Assets/Materials/M_Floor.mat
  artifactKey: Guid(0ca69af44e11f844a860a209c3caf5c3) Importer(815301076,1909f56bfc062723c751e8b465ee728b)
Start importing Assets/Materials/M_Floor.mat using Guid(0ca69af44e11f844a860a209c3caf5c3) Importer(815301076,1909f56bfc062723c751e8b465ee728b)  -> (artifact id: 'd857f34dbac9b9c79d4305b49fa0daf6') in 0.146166 seconds 
========================================================================
Received Import Request.
  Time since last request: 0.000113 seconds.
  path: Assets/Materials/M_Player.mat
  artifactKey: Guid(f1d088eebed4518419f04b4695aac9bb) Importer(815301076,1909f56bfc062723c751e8b465ee728b)
Start importing Assets/Materials/M_Player.mat using Guid(f1d088eebed4518419f04b4695aac9bb) Importer(815301076,1909f56bfc062723c751e8b465ee728b)  -> (artifact id: '1a1f6e5d472ebca5fcdf69aad2e19fef') in 0.011664 seconds 
========================================================================
Received Import Request.
  Time since last request: 0.000132 seconds.
  path: Assets/Materials/M_Obstacle.mat
  artifactKey: Guid(f2fa09733b7f4934e82586e0807b8a49) Importer(815301076,1909f56bfc062723c751e8b465ee728b)
Start importing Assets/Materials/M_Obstacle.mat using Guid(f2fa09733b7f4934e82586e0807b8a49) Importer(815301076,1909f56bfc062723c751e8b465ee728b)  -> (artifact id: '66d75e1e06fe3649a1bfc53554e9cf00') in 0.022488 seconds 
========================================================================
Received Import Request.
  Time since last request: 3.549441 seconds.
  path: Assets/Prefabs/coin.prefab
  artifactKey: Guid(c7a1274f65af70049ae1a0c19b286a3f) Importer(815301076,1909f56bfc062723c751e8b465ee728b)
Start importing Assets/Prefabs/coin.prefab using Guid(c7a1274f65af70049ae1a0c19b286a3f) Importer(815301076,1909f56bfc062723c751e8b465ee728b)  -> (artifact id: '2785997a74cc54717d5b43094ec3bbc5') in 0.018981 seconds 
========================================================================
Received Import Request.
  Time since last request: 0.000124 seconds.
  path: Assets/Prefabs/Player.prefab
  artifactKey: Guid(ebf2c467cbcbb9645a38515cb5d8a34d) Importer(815301076,1909f56bfc062723c751e8b465ee728b)
Start importing Assets/Prefabs/Player.prefab using Guid(ebf2c467cbcbb9645a38515cb5d8a34d) Importer(815301076,1909f56bfc062723c751e8b465ee728b)  -> (artifact id: '2a92d938a9ebf5ee625d4ce2216e7df3') in 0.010030 seconds 
========================================================================
Received Import Request.
  Time since last request: 0.000120 seconds.
  path: Assets/Prefabs/Tile 0.prefab
  artifactKey: Guid(865e9ed139b6ce74e88325dbeaa80b83) Importer(815301076,1909f56bfc062723c751e8b465ee728b)
Start importing Assets/Prefabs/Tile 0.prefab using Guid(865e9ed139b6ce74e88325dbeaa80b83) Importer(815301076,1909f56bfc062723c751e8b465ee728b)  -> (artifact id: '0e2ae7f71a64713dd4daf20e2ee8adb4') in 0.009236 seconds 
========================================================================
Received Import Request.
  Time since last request: 0.000140 seconds.
  path: Assets/Prefabs/Obstacle.prefab
  artifactKey: Guid(7966e41b3f4a0b146817c50673f8bc6b) Importer(815301076,1909f56bfc062723c751e8b465ee728b)
Start importing Assets/Prefabs/Obstacle.prefab using Guid(7966e41b3f4a0b146817c50673f8bc6b) Importer(815301076,1909f56bfc062723c751e8b465ee728b)  -> (artifact id: 'd890b797a6dfe6726cdf748150270934') in 0.012065 seconds 
========================================================================
Received Import Request.
  Time since last request: 0.000151 seconds.
  path: Assets/Prefabs/Tile 4.prefab
  artifactKey: Guid(1d0879081fb2cce45926e15e59e55226) Importer(815301076,1909f56bfc062723c751e8b465ee728b)
Start importing Assets/Prefabs/Tile 4.prefab using Guid(1d0879081fb2cce45926e15e59e55226) Importer(815301076,1909f56bfc062723c751e8b465ee728b)  -> (artifact id: '89e447831ecdc978bb6049cfdf07dbd0') in 0.013124 seconds 
========================================================================
Received Import Request.
  Time since last request: 0.000137 seconds.
  path: Assets/Prefabs/Tile 1.prefab
  artifactKey: Guid(6c1cd5b021b04b4498e3c4b4149b6045) Importer(815301076,1909f56bfc062723c751e8b465ee728b)
Start importing Assets/Prefabs/Tile 1.prefab using Guid(6c1cd5b021b04b4498e3c4b4149b6045) Importer(815301076,1909f56bfc062723c751e8b465ee728b)  -> (artifact id: 'a2d536c91e5bd42a09db50feecb284c9') in 0.009358 seconds 
========================================================================
Received Import Request.
  Time since last request: 0.000138 seconds.
  path: Assets/Prefabs/Tile 2.prefab
  artifactKey: Guid(3c221894442872d428491ad92d1af3f5) Importer(815301076,1909f56bfc062723c751e8b465ee728b)
Start importing Assets/Prefabs/Tile 2.prefab using Guid(3c221894442872d428491ad92d1af3f5) Importer(815301076,1909f56bfc062723c751e8b465ee728b)  -> (artifact id: 'e5d792dab0107ebee1e8119a811f017f') in 0.011148 seconds 
========================================================================
Received Import Request.
  Time since last request: 0.000144 seconds.
  path: Assets/Prefabs/Start Plane.prefab
  artifactKey: Guid(0e77313777eca2042894c78703f0fe45) Importer(815301076,1909f56bfc062723c751e8b465ee728b)
Start importing Assets/Prefabs/Start Plane.prefab using Guid(0e77313777eca2042894c78703f0fe45) Importer(815301076,1909f56bfc062723c751e8b465ee728b)  -> (artifact id: '903136c53da1e8226a0b3576c247ee96') in 0.008526 seconds 
========================================================================
Received Import Request.
  Time since last request: 0.000139 seconds.
  path: Assets/Prefabs/Tile 3.prefab
  artifactKey: Guid(643f7085215f52f4ebb4095a9c3682eb) Importer(815301076,1909f56bfc062723c751e8b465ee728b)
Start importing Assets/Prefabs/Tile 3.prefab using Guid(643f7085215f52f4ebb4095a9c3682eb) Importer(815301076,1909f56bfc062723c751e8b465ee728b)  -> (artifact id: 'f4c727df71d01bcad9cc6ec242398f8c') in 0.011576 seconds 
========================================================================
Received Import Request.
  Time since last request: 60.211721 seconds.
  path: Assets/Scripts/CoinScript.cs
  artifactKey: Guid(2e9b2ae3049c66e4d9707c12743af625) Importer(815301076,1909f56bfc062723c751e8b465ee728b)
Start importing Assets/Scripts/CoinScript.cs using Guid(2e9b2ae3049c66e4d9707c12743af625) Importer(815301076,1909f56bfc062723c751e8b465ee728b)  -> (artifact id: '057e6737cd0f82cd5036e06e640c3db0') in 0.016804 seconds 
========================================================================
Received Prepare
Registering precompiled user dll's ...
Registered in 0.002094 seconds.
Begin MonoManager ReloadAssembly
Native extension for WindowsStandalone target not found
Refreshing native plugins compatible for Editor in 0.58 ms, found 2 plugins.
Preloading 0 native plugins for Editor in 0.00 ms.
Mono: successfully reloaded assembly
- Completed reload, in  0.732 seconds
Domain Reload Profiling:
	ReloadAssembly (732ms)
		BeginReloadAssembly (101ms)
			ExecutionOrderSort (0ms)
			DisableScriptedObjects (5ms)
			BackupInstance (0ms)
			ReleaseScriptingObjects (0ms)
			CreateAndSetChildDomain (29ms)
		EndReloadAssembly (588ms)
			LoadAssemblies (72ms)
			RebuildTransferFunctionScriptingTraits (0ms)
			SetupTypeCache (190ms)
			ReleaseScriptCaches (1ms)
			RebuildScriptCaches (26ms)
			SetupLoadedEditorAssemblies (216ms)
				LogAssemblyErrors (0ms)
				InitializePlatformSupportModulesInManaged (3ms)
				SetLoadedEditorAssemblies (0ms)
				RefreshPlugins (1ms)
				BeforeProcessingInitializeOnLoad (62ms)
				ProcessInitializeOnLoadAttributes (137ms)
				ProcessInitializeOnLoadMethodAttributes (6ms)
				AfterProcessingInitializeOnLoad (6ms)
				EditorAssembliesLoaded (0ms)
			ExecutionOrderSort2 (0ms)
			AwakeInstancesAfterBackupRestoration (11ms)
Platform modules already initialized, skipping
Refreshing native plugins compatible for Editor in 0.53 ms, found 2 plugins.
Preloading 0 native plugins for Editor in 0.00 ms.
Unloading 2708 Unused Serialized files (Serialized files now loaded: 0)
System memory in use before: 125.1 MB.
System memory in use after: 125.3 MB.

Unloading 12 unused Assets to reduce memory usage. Loaded Objects now: 3337.
Total: 2.921800 ms (FindLiveObjects: 0.195300 ms CreateObjectMapping: 0.102800 ms MarkObjects: 2.606300 ms  DeleteObjects: 0.016600 ms)

AssetImportParameters requested are different than current active one (requested -> active):
  custom:framework-win-MediaFoundation: 216162199b28c13a410421893ffa2e32 -> 
  custom:video-decoder-ogg-theora: a1e56fd34408186e4bbccfd4996cb3dc -> 
  custom:container-muxer-webm: aa71ff27fc2769a1b78a27578f13a17b -> 
  custom:container-demuxer-webm: 4f35f7cbe854078d1ac9338744f61a02 -> 
  custom:container-demuxer-ogg: 62fdf1f143b41e24485cea50d1cbac27 -> 
  custom:video-encoder-webm-vp8: eb34c28f22e8b96e1ab97ce403110664 -> 
  custom:video-codec-MediaFoundation-h265: 746d11721c4dcdbdad8f713fa42b33f4 -> 
  custom:video-decoder-webm-vp8: 9c59270c3fd7afecdb556c50c9e8de78 -> 
  custom:audio-decoder-ogg-vorbis: bf7c407c2cedff20999df2af8eb42d56 -> 
  custom:audio-encoder-webm-vorbis: bf7c407c2cedff20999df2af8eb42d56 -> 
========================================================================
Received Prepare
Registering precompiled user dll's ...
Registered in 0.002157 seconds.
Begin MonoManager ReloadAssembly
Native extension for WindowsStandalone target not found
Refreshing native plugins compatible for Editor in 0.52 ms, found 2 plugins.
Preloading 0 native plugins for Editor in 0.00 ms.
Mono: successfully reloaded assembly
- Completed reload, in  0.723 seconds
Domain Reload Profiling:
	ReloadAssembly (723ms)
		BeginReloadAssembly (90ms)
			ExecutionOrderSort (0ms)
			DisableScriptedObjects (3ms)
			BackupInstance (0ms)
			ReleaseScriptingObjects (0ms)
			CreateAndSetChildDomain (27ms)
		EndReloadAssembly (588ms)
			LoadAssemblies (74ms)
			RebuildTransferFunctionScriptingTraits (0ms)
			SetupTypeCache (189ms)
			ReleaseScriptCaches (1ms)
			RebuildScriptCaches (27ms)
			SetupLoadedEditorAssemblies (219ms)
				LogAssemblyErrors (0ms)
				InitializePlatformSupportModulesInManaged (3ms)
				SetLoadedEditorAssemblies (0ms)
				RefreshPlugins (1ms)
				BeforeProcessingInitializeOnLoad (62ms)
				ProcessInitializeOnLoadAttributes (140ms)
				ProcessInitializeOnLoadMethodAttributes (6ms)
				AfterProcessingInitializeOnLoad (6ms)
				EditorAssembliesLoaded (0ms)
			ExecutionOrderSort2 (0ms)
			AwakeInstancesAfterBackupRestoration (11ms)
Platform modules already initialized, skipping
Refreshing native plugins compatible for Editor in 0.52 ms, found 2 plugins.
Preloading 0 native plugins for Editor in 0.00 ms.
Unloading 2707 Unused Serialized files (Serialized files now loaded: 0)
System memory in use before: 125.1 MB.
System memory in use after: 125.3 MB.

Unloading 13 unused Assets to reduce memory usage. Loaded Objects now: 3338.
Total: 3.200300 ms (FindLiveObjects: 0.225200 ms CreateObjectMapping: 0.129500 ms MarkObjects: 2.821500 ms  DeleteObjects: 0.023300 ms)

AssetImportParameters requested are different than current active one (requested -> active):
  custom:framework-win-MediaFoundation: 216162199b28c13a410421893ffa2e32 -> 
  custom:video-decoder-ogg-theora: a1e56fd34408186e4bbccfd4996cb3dc -> 
  custom:container-muxer-webm: aa71ff27fc2769a1b78a27578f13a17b -> 
  custom:container-demuxer-webm: 4f35f7cbe854078d1ac9338744f61a02 -> 
  custom:container-demuxer-ogg: 62fdf1f143b41e24485cea50d1cbac27 -> 
  custom:video-encoder-webm-vp8: eb34c28f22e8b96e1ab97ce403110664 -> 
  custom:video-codec-MediaFoundation-h265: 746d11721c4dcdbdad8f713fa42b33f4 -> 
  custom:video-decoder-webm-vp8: 9c59270c3fd7afecdb556c50c9e8de78 -> 
  custom:audio-decoder-ogg-vorbis: bf7c407c2cedff20999df2af8eb42d56 -> 
  custom:audio-encoder-webm-vorbis: bf7c407c2cedff20999df2af8eb42d56 -> 
AssetImportWorkerClient::OnTransportError - code=2 error=End of file
